<?xml version="1.0" encoding="utf-8"?>
<test-results name="Xamarin Testcloud UITest" date="2017-09-12" time="15:24:34" total="1" errors="0" failures="0" not-run="0" inconclusive="0" ignored="0" skipped="0" invalid="0">
  <test-suite type="Assembly" name="UITest1.dll" executed="True" result="Success" success="True" time="44.525" asserts="0">
    <results>
      <test-suite type="Namespace" name="UITest1" executed="True" result="Success" success="True" time="44.520" asserts="0">
        <results>
          <test-suite type="ParameterizedFixture" name="Tests" executed="True" result="Success" success="True" time="44.519" asserts="0">
            <results>
              <test-suite type="TestFixture" name="Tests(Android)" executed="True" result="Success" success="True" time="44.518" asserts="0">
                <results>
                  <test-case name="UITest1.Tests(Android).AppLaunches_huawei_p10-7_0" executed="True" result="Success" success="True" time="41.400" asserts="0" />
                </results>
              </test-suite>
            </results>
          </test-suite>
        </results>
      </test-suite>
    </results>
  </test-suite>
</test-results>